<?xml version="1.0" encoding="UTF-8"?>
<coverage generated="1682190899796" clover="3.2.0">
  <project timestamp="1682190899796" name="All files">
    <metrics statements="19" coveredstatements="19" conditionals="2" coveredconditionals="2" methods="8" coveredmethods="8" elements="29" coveredelements="29" complexity="0" loc="19" ncloc="19" packages="1" files="1" classes="1"/>
    <file name="bank.js" path="/Users/samuelbadru/Documents/bank_tech_test/bank.js">
      <metrics statements="19" coveredstatements="19" conditionals="2" coveredconditionals="2" methods="8" coveredmethods="8"/>
      <line num="3" count="9" type="stmt"/>
      <line num="4" count="9" type="stmt"/>
      <line num="9" count="7" type="stmt"/>
      <line num="10" count="7" type="stmt"/>
      <line num="14" count="3" type="stmt"/>
      <line num="15" count="3" type="stmt"/>
      <line num="20" count="3" type="stmt"/>
      <line num="21" count="3" type="stmt"/>
      <line num="22" count="3" type="stmt"/>
      <line num="23" count="3" type="stmt"/>
      <line num="27" count="2" type="stmt"/>
      <line num="31" count="3" type="stmt"/>
      <line num="32" count="3" type="cond" truecount="2" falsecount="0"/>
      <line num="33" count="2" type="stmt"/>
      <line num="35" count="1" type="stmt"/>
      <line num="40" count="2" type="stmt"/>
      <line num="41" count="2" type="stmt"/>
      <line num="42" count="3" type="stmt"/>
      <line num="48" count="1" type="stmt"/>
    </file>
  </project>
</coverage>
