TN:
SF:bank.js
FN:2,(anonymous_0)
FN:8,(anonymous_1)
FN:13,(anonymous_2)
FN:18,(anonymous_3)
FN:26,(anonymous_4)
FN:30,(anonymous_5)
FN:39,(anonymous_6)
FN:41,(anonymous_7)
FNF:8
FNH:8
FNDA:9,(anonymous_0)
FNDA:7,(anonymous_1)
FNDA:3,(anonymous_2)
FNDA:3,(anonymous_3)
FNDA:2,(anonymous_4)
FNDA:3,(anonymous_5)
FNDA:2,(anonymous_6)
FNDA:3,(anonymous_7)
DA:3,9
DA:4,9
DA:9,7
DA:10,7
DA:14,3
DA:15,3
DA:20,3
DA:21,3
DA:22,3
DA:23,3
DA:27,2
DA:31,3
DA:32,3
DA:33,2
DA:35,1
DA:40,2
DA:41,2
DA:42,3
DA:48,1
LF:19
LH:19
BRDA:32,0,0,2
BRDA:32,0,1,1
BRF:2
BRH:2
end_of_record
